\BOOKMARK [1][-]{section.1}{\376\377\000E\000d\000u\000c\000a\000t\000i\000o\000n}{}% 1
\BOOKMARK [2][-]{subsection.1.1}{\376\377\000B\000a\000c\000h\000e\000l\000o\000r\000\040\000o\000f\000\040\000S\000o\000f\000t\000w\000a\000r\000e\000\040\000E\000n\000g\000i\000n\000e\000e\000r\000i\000n\000g\000S\000e\000p\000t\000e\000m\000b\000e\000r\000\040\0002\0000\0001\0009\000\040\000-\000\040\000I\000n\000\040\000P\000r\000o\000g\000r\000e\000s\000s}{section.1}% 2
\BOOKMARK [1][-]{section.2}{\376\377\000S\000k\000i\000l\000l\000s}{}% 3
\BOOKMARK [1][-]{section.3}{\376\377\000W\000o\000r\000k\000\040\000E\000x\000p\000e\000r\000i\000e\000n\000c\000e}{}% 4
\BOOKMARK [2][-]{subsection.3.1}{\376\377\000S\000o\000f\000t\000w\000a\000r\000e\000\040\000E\000n\000g\000i\000n\000e\000e\000r\000\040\000I\000n\000t\000e\000r\000n\000\040\000M\000a\000y\000\040\0002\0000\0002\0002\000\040\000-\000\040\000S\000e\000p\000t\000\040\0002\0000\0002\0002}{section.3}% 5
\BOOKMARK [2][-]{subsection.3.2}{\376\377\000V\000i\000r\000t\000u\000a\000l\000\040\000F\000o\000r\000c\000e\000\040\000A\000n\000a\000l\000y\000s\000t\000O\000c\000t\000\040\0002\0000\0002\0001\000\040\000-\000\040\000A\000p\000r\000i\000l\000\040\0002\0000\0002\0002}{section.3}% 6
\BOOKMARK [2][-]{subsection.3.3}{\376\377\000N\000S\000E\000R\000C\000\040\000R\000e\000s\000e\000a\000r\000c\000h\000\040\000S\000t\000u\000d\000e\000n\000t\000\040\000M\000a\000y\000\040\0002\0000\0002\0001\000-\000\040\000S\000e\000p\000t\000\040\0002\0000\0002\0001}{section.3}% 7
\BOOKMARK [1][-]{section.4}{\376\377\000C\000o\000m\000p\000u\000t\000a\000t\000i\000o\000n\000a\000l\000\040\000P\000r\000o\000j\000e\000c\000t\000s}{}% 8
\BOOKMARK [2][-]{subsection.4.1}{\376\377\000E\000x\000e\000r\000c\000i\000s\000e\000\040\000F\000o\000r\000m\000\040\000C\000o\000r\000r\000e\000c\000t\000i\000o\000n}{section.4}% 9
\BOOKMARK [2][-]{subsection.4.2}{}{section.4}% 10
\BOOKMARK [2][-]{subsection.4.3}{\376\377\000K\000n\000o\000w\000Y\000o\000u\000r\000A\000l\000g\000o}{section.4}% 11
\BOOKMARK [2][-]{subsection.4.4}{}{section.4}% 12
\BOOKMARK [2][-]{subsection.4.5}{\376\377\000P\000e\000e\000r\000\040\000t\000o\000\040\000P\000e\000e\000r\000\040\000I\000m\000a\000g\000e\000\040\000S\000h\000a\000r\000i\000n\000g\000\040\000N\000e\000t\000w\000o\000r\000k}{section.4}% 13
\BOOKMARK [2][-]{subsection.4.6}{}{section.4}% 14
\BOOKMARK [2][-]{subsection.4.7}{\376\377\000G\000a\000m\000e\000\040\000S\000t\000o\000r\000e\000\040\000M\000a\000n\000a\000g\000e\000m\000e\000n\000t\000\040\000T\000o\000o\000l}{section.4}% 15
\BOOKMARK [2][-]{subsection.4.8}{}{section.4}% 16
\BOOKMARK [2][-]{subsection.4.9}{\376\377\000C\000l\000i\000e\000n\000t\000-\000S\000e\000r\000v\000e\000r\000\040\000I\000m\000a\000g\000e\000\040\000N\000e\000t\000w\000o\000r\000k}{section.4}% 17
\BOOKMARK [2][-]{subsection.4.10}{}{section.4}% 18
\BOOKMARK [2][-]{subsection.4.11}{\376\377\000T\000e\000m\000p\000e\000r\000a\000t\000e\000\040\000A\000m\000b\000i\000e\000n\000t\000\040\000L\000i\000g\000h\000t}{section.4}% 19
\BOOKMARK [2][-]{subsection.4.12}{}{section.4}% 20
\BOOKMARK [2][-]{subsection.4.13}{\376\377\000V\000i\000d\000e\000o\000\040\000S\000u\000m\000m\000a\000r\000y\000\040\000A\000p\000p\000l\000i\000c\000a\000t\000i\000o\000n}{section.4}% 21
\BOOKMARK [2][-]{subsection.4.14}{}{section.4}% 22
\BOOKMARK [2][-]{subsection.4.15}{\376\377\000O\000b\000j\000e\000c\000t\000\040\000D\000e\000t\000e\000c\000t\000i\000o\000n\000\040\000o\000f\000\040\000M\000i\000l\000i\000t\000a\000r\000y\000\040\000R\000e\000l\000e\000v\000a\000n\000t\000\040\000O\000b\000j\000e\000c\000t\000s}{section.4}% 23
\BOOKMARK [2][-]{subsection.4.16}{}{section.4}% 24
\BOOKMARK [2][-]{subsection.4.17}{\376\377\0002\000D\000\040\000R\000P\000G\000\040\000i\000n\000\040\000U\000n\000i\000t\000y}{section.4}% 25
\BOOKMARK [2][-]{subsection.4.18}{}{section.4}% 26
\BOOKMARK [2][-]{subsection.4.19}{\376\377\000P\000u\000b\000l\000i\000s\000h\000e\000r\000\040\000D\000a\000t\000a\000b\000a\000s\000e\000\040\000A\000p\000p\000l\000i\000c\000a\000t\000i\000o\000n}{section.4}% 27
